<?xml version="1.0" encoding="UTF-8"?>
<!-- Generated by org.testng.reporters.JUnitXMLReporter -->
<testsuite hostname="PVBMPRL0703" ignored="0" name="EregAutomationSanity" tests="5" failures="1" timestamp="27 Dec 2018 02:16:56 GMT" time="85.771" errors="0">
  <testcase name="EregIsThisEmergencyYes" time="5.846" classname="com.practicevelocity.seleniumEreg.Tests.StartRegistrationIsThisEmergencyYesTest"/>
  <testcase name="RestApiSignPin" time="6.547" classname="com.practicevelocity.seleniumEreg.Tests.EregPinAPICheck"/>
  <testcase name="PatientIDInsCardYes" time="11.119" classname="com.practicevelocity.seleniumEreg.Tests.PatientIdInsuranceCardPhotoYes">
    <failure type="org.openqa.selenium.WebDriverException" message="unknown error: Element &amp;lt;button class=&amp;quot;btn btn-action&amp;quot;&amp;gt;...&amp;lt;/button&amp;gt; is not clickable at point (504, 299). Other element would receive the click: &amp;lt;div class=&amp;quot;pv-modal-overlay&amp;quot;&amp;gt;&amp;lt;/div&amp;gt;
  (Session info: chrome=71.0.3578.98)
  (Driver info: chromedriver=2.36.540470 (e522d04694c7ebea4ba8821272dbef4f9b818c91),platform=Windows NT 10.0.16299 x86_64) (WARNING: The server did not provide any stacktrace information)
Command duration or timeout: 49 milliseconds
Build info: version: &amp;apos;3.4.0&amp;apos;, revision: &amp;apos;unknown&amp;apos;, time: &amp;apos;unknown&amp;apos;
System info: host: &amp;apos;PVBMPRL0703&amp;apos;, ip: &amp;apos;10.25.202.54&amp;apos;, os.name: &amp;apos;Windows 10&amp;apos;, os.arch: &amp;apos;amd64&amp;apos;, os.version: &amp;apos;10.0&amp;apos;, java.version: &amp;apos;1.8.0_171&amp;apos;
Driver info: org.openqa.selenium.chrome.ChromeDriver
Capabilities [{applicationCacheEnabled=false, rotatable=false, mobileEmulationEnabled=false, networkConnectionEnabled=false, chrome={chromedriverVersion=2.36.540470 (e522d04694c7ebea4ba8821272dbef4f9b818c91), userDataDir=C:\Users\tcammon\AppData\Local\Temp\scoped_dir11108_850}, takesHeapSnapshot=true, pageLoadStrategy=normal, databaseEnabled=false, handlesAlerts=true, hasTouchScreen=false, version=71.0.3578.98, platform=XP, browserConnectionEnabled=false, nativeEvents=true, acceptSslCerts=false, acceptInsecureCerts=false, locationContextEnabled=true, webStorageEnabled=true, browserName=chrome, takesScreenshot=true, javascriptEnabled=true, cssSelectorsEnabled=true, setWindowRect=true, unexpectedAlertBehaviour=}]
Session ID: 205cc776f0654b97314505d7cae734d1">
      <![CDATA[org.openqa.selenium.WebDriverException: unknown error: Element <button class="btn btn-action">...</button> is not clickable at point (504, 299). Other element would receive the click: <div class="pv-modal-overlay"></div>
  (Session info: chrome=71.0.3578.98)
  (Driver info: chromedriver=2.36.540470 (e522d04694c7ebea4ba8821272dbef4f9b818c91),platform=Windows NT 10.0.16299 x86_64) (WARNING: The server did not provide any stacktrace information)
Command duration or timeout: 49 milliseconds
Build info: version: '3.4.0', revision: 'unknown', time: 'unknown'
System info: host: 'PVBMPRL0703', ip: '10.25.202.54', os.name: 'Windows 10', os.arch: 'amd64', os.version: '10.0', java.version: '1.8.0_171'
Driver info: org.openqa.selenium.chrome.ChromeDriver
Capabilities [{applicationCacheEnabled=false, rotatable=false, mobileEmulationEnabled=false, networkConnectionEnabled=false, chrome={chromedriverVersion=2.36.540470 (e522d04694c7ebea4ba8821272dbef4f9b818c91), userDataDir=C:\Users\tcammon\AppData\Local\Temp\scoped_dir11108_850}, takesHeapSnapshot=true, pageLoadStrategy=normal, databaseEnabled=false, handlesAlerts=true, hasTouchScreen=false, version=71.0.3578.98, platform=XP, browserConnectionEnabled=false, nativeEvents=true, acceptSslCerts=false, acceptInsecureCerts=false, locationContextEnabled=true, webStorageEnabled=true, browserName=chrome, takesScreenshot=true, javascriptEnabled=true, cssSelectorsEnabled=true, setWindowRect=true, unexpectedAlertBehaviour=}]
Session ID: 205cc776f0654b97314505d7cae734d1
at org.openqa.selenium.remote.ErrorHandler.createThrowable(ErrorHandler.java:215)
at org.openqa.selenium.remote.ErrorHandler.throwIfResponseFailed(ErrorHandler.java:167)
at org.openqa.selenium.remote.RemoteWebDriver.execute(RemoteWebDriver.java:671)
at org.openqa.selenium.remote.RemoteWebElement.execute(RemoteWebElement.java:272)
at org.openqa.selenium.remote.RemoteWebElement.click(RemoteWebElement.java:82)
at com.practicevelocity.seleniumEreg.Tests.PatientIdInsuranceCardPhotoYes.PatientIDInsCardYes(PatientIdInsuranceCardPhotoYes.java:111)
at java.util.concurrent.ThreadPoolExecutor.runWorker(Unknown Source)
at java.util.concurrent.ThreadPoolExecutor$Worker.run(Unknown Source)
at java.lang.Thread.run(Unknown Source)
... Removed 14 stack frames]]>
    </failure>
  </testcase> <!-- PatientIDInsCardYes -->
  <testcase name="eRegAbortSession" time="11.677" classname="com.practicevelocity.seleniumEreg.Tests.StartandAbortEregistrationTest"/>
  <testcase name="PatientInfoValid" time="54.905" classname="com.practicevelocity.seleniumEreg.Tests.EregPatientInfoVerificationTest"/>
</testsuite> <!-- EregAutomationSanity -->
